2021-07-13 01:52:34.261  INFO 19429 --- [restartedMain] c.e.assignment.AssignmentApplication     : Starting AssignmentApplication using Java 11.0.11 on Prateek-TECH with PID 19429 (/home/extramarks/Desktop/EM_Assignment/Assignment/target/classes started by extramarks in /home/extramarks/Desktop/EM_Assignment/Assignment)
2021-07-13 01:52:34.265  INFO 19429 --- [restartedMain] c.e.assignment.AssignmentApplication     : The following profiles are active: dev
2021-07-13 01:52:34.311  INFO 19429 --- [restartedMain] .e.DevToolsPropertyDefaultsPostProcessor : Devtools property defaults active! Set 'spring.devtools.add-properties' to 'false' to disable
2021-07-13 01:52:34.312  INFO 19429 --- [restartedMain] .e.DevToolsPropertyDefaultsPostProcessor : For additional web related logging consider setting the 'logging.level.web' property to 'DEBUG'
2021-07-13 01:52:34.885  INFO 19429 --- [restartedMain] .s.d.r.c.RepositoryConfigurationDelegate : Bootstrapping Spring Data JPA repositories in DEFAULT mode.
2021-07-13 01:52:34.914  INFO 19429 --- [restartedMain] .s.d.r.c.RepositoryConfigurationDelegate : Finished Spring Data repository scanning in 24 ms. Found 1 JPA repository interfaces.
2021-07-13 01:52:35.247  INFO 19429 --- [restartedMain] o.s.b.w.embedded.tomcat.TomcatWebServer  : Tomcat initialized with port(s): 8081 (http)
2021-07-13 01:52:35.252  INFO 19429 --- [restartedMain] o.apache.catalina.core.StandardService   : Starting service [Tomcat]
2021-07-13 01:52:35.252  INFO 19429 --- [restartedMain] org.apache.catalina.core.StandardEngine  : Starting Servlet engine: [Apache Tomcat/9.0.46]
2021-07-13 01:52:35.285  INFO 19429 --- [restartedMain] o.a.c.c.C.[Tomcat].[localhost].[/]       : Initializing Spring embedded WebApplicationContext
2021-07-13 01:52:35.285  INFO 19429 --- [restartedMain] w.s.c.ServletWebServerApplicationContext : Root WebApplicationContext: initialization completed in 973 ms
2021-07-13 01:52:35.329  INFO 19429 --- [restartedMain] com.zaxxer.hikari.HikariDataSource       : HikariPool-1 - Starting...
2021-07-13 01:52:35.394  INFO 19429 --- [restartedMain] com.zaxxer.hikari.HikariDataSource       : HikariPool-1 - Start completed.
2021-07-13 01:52:35.430  INFO 19429 --- [restartedMain] o.hibernate.jpa.internal.util.LogHelper  : HHH000204: Processing PersistenceUnitInfo [name: default]
2021-07-13 01:52:35.451  INFO 19429 --- [restartedMain] org.hibernate.Version                    : HHH000412: Hibernate ORM core version 5.4.32.Final
2021-07-13 01:52:35.520  INFO 19429 --- [restartedMain] o.hibernate.annotations.common.Version   : HCANN000001: Hibernate Commons Annotations {5.1.2.Final}
2021-07-13 01:52:35.573  INFO 19429 --- [restartedMain] org.hibernate.dialect.Dialect            : HHH000400: Using dialect: org.hibernate.dialect.MySQL5InnoDBDialect
2021-07-13 01:52:35.865  INFO 19429 --- [restartedMain] o.h.e.t.j.p.i.JtaPlatformInitiator       : HHH000490: Using JtaPlatform implementation: [org.hibernate.engine.transaction.jta.platform.internal.NoJtaPlatform]
2021-07-13 01:52:35.870  INFO 19429 --- [restartedMain] j.LocalContainerEntityManagerFactoryBean : Initialized JPA EntityManagerFactory for persistence unit 'default'
2021-07-13 01:52:36.141  WARN 19429 --- [restartedMain] JpaBaseConfiguration$JpaWebConfiguration : spring.jpa.open-in-view is enabled by default. Therefore, database queries may be performed during view rendering. Explicitly configure spring.jpa.open-in-view to disable this warning
2021-07-13 01:52:36.214  INFO 19429 --- [restartedMain] pertySourcedRequestMappingHandlerMapping : Mapped URL path [/v2/api-docs] onto method [springfox.documentation.swagger2.web.Swagger2Controller#getDocumentation(String, HttpServletRequest)]
2021-07-13 01:52:36.304  INFO 19429 --- [restartedMain] o.s.b.d.a.OptionalLiveReloadServer       : LiveReload server is running on port 35729
2021-07-13 01:52:36.411  INFO 19429 --- [restartedMain] o.s.b.w.embedded.tomcat.TomcatWebServer  : Tomcat started on port(s): 8081 (http) with context path ''
2021-07-13 01:52:36.412  INFO 19429 --- [restartedMain] d.s.w.p.DocumentationPluginsBootstrapper : Context refreshed
2021-07-13 01:52:36.422  INFO 19429 --- [restartedMain] d.s.w.p.DocumentationPluginsBootstrapper : Found 1 custom documentation plugin(s)
2021-07-13 01:52:36.441  INFO 19429 --- [restartedMain] s.d.s.w.s.ApiListingReferenceScanner     : Scanning for api listing references
2021-07-13 01:52:36.545  INFO 19429 --- [restartedMain] c.e.assignment.AssignmentApplication     : Started AssignmentApplication in 2.648 seconds (JVM running for 3.226)
2021-07-13 01:52:39.717  INFO 19429 --- [http-nio-8081-exec-1] o.a.c.c.C.[Tomcat].[localhost].[/]       : Initializing Spring DispatcherServlet 'dispatcherServlet'
2021-07-13 01:52:39.718  INFO 19429 --- [http-nio-8081-exec-1] o.s.web.servlet.DispatcherServlet        : Initializing Servlet 'dispatcherServlet'
2021-07-13 01:52:39.719  INFO 19429 --- [http-nio-8081-exec-1] o.s.web.servlet.DispatcherServlet        : Completed initialization in 1 ms
2021-07-13 02:06:49.064  INFO 19429 --- [SpringApplicationShutdownHook] j.LocalContainerEntityManagerFactoryBean : Closing JPA EntityManagerFactory for persistence unit 'default'
2021-07-13 02:06:49.066  INFO 19429 --- [SpringApplicationShutdownHook] com.zaxxer.hikari.HikariDataSource       : HikariPool-1 - Shutdown initiated...
2021-07-13 02:06:49.071  INFO 19429 --- [SpringApplicationShutdownHook] com.zaxxer.hikari.HikariDataSource       : HikariPool-1 - Shutdown completed.
2021-07-13 02:06:52.238  INFO 21515 --- [restartedMain] c.e.assignment.AssignmentApplication     : Starting AssignmentApplication using Java 11.0.11 on Prateek-TECH with PID 21515 (/home/extramarks/Desktop/EM_Assignment/Assignment/target/classes started by extramarks in /home/extramarks/Desktop/EM_Assignment/Assignment)
2021-07-13 02:06:52.240  INFO 21515 --- [restartedMain] c.e.assignment.AssignmentApplication     : The following profiles are active: dev
2021-07-13 02:06:52.274  INFO 21515 --- [restartedMain] .e.DevToolsPropertyDefaultsPostProcessor : Devtools property defaults active! Set 'spring.devtools.add-properties' to 'false' to disable
2021-07-13 02:06:52.274  INFO 21515 --- [restartedMain] .e.DevToolsPropertyDefaultsPostProcessor : For additional web related logging consider setting the 'logging.level.web' property to 'DEBUG'
2021-07-13 02:06:52.948  INFO 21515 --- [restartedMain] .s.d.r.c.RepositoryConfigurationDelegate : Bootstrapping Spring Data JPA repositories in DEFAULT mode.
2021-07-13 02:06:52.979  INFO 21515 --- [restartedMain] .s.d.r.c.RepositoryConfigurationDelegate : Finished Spring Data repository scanning in 25 ms. Found 1 JPA repository interfaces.
2021-07-13 02:06:53.316  INFO 21515 --- [restartedMain] o.s.b.w.embedded.tomcat.TomcatWebServer  : Tomcat initialized with port(s): 8081 (http)
2021-07-13 02:06:53.321  INFO 21515 --- [restartedMain] o.apache.catalina.core.StandardService   : Starting service [Tomcat]
2021-07-13 02:06:53.321  INFO 21515 --- [restartedMain] org.apache.catalina.core.StandardEngine  : Starting Servlet engine: [Apache Tomcat/9.0.46]
2021-07-13 02:06:53.355  INFO 21515 --- [restartedMain] o.a.c.c.C.[Tomcat].[localhost].[/]       : Initializing Spring embedded WebApplicationContext
2021-07-13 02:06:53.355  INFO 21515 --- [restartedMain] w.s.c.ServletWebServerApplicationContext : Root WebApplicationContext: initialization completed in 1080 ms
2021-07-13 02:06:53.404  INFO 21515 --- [restartedMain] com.zaxxer.hikari.HikariDataSource       : HikariPool-1 - Starting...
2021-07-13 02:06:53.472  INFO 21515 --- [restartedMain] com.zaxxer.hikari.HikariDataSource       : HikariPool-1 - Start completed.
2021-07-13 02:06:53.504  INFO 21515 --- [restartedMain] o.hibernate.jpa.internal.util.LogHelper  : HHH000204: Processing PersistenceUnitInfo [name: default]
2021-07-13 02:06:53.527  INFO 21515 --- [restartedMain] org.hibernate.Version                    : HHH000412: Hibernate ORM core version 5.4.32.Final
2021-07-13 02:06:53.594  INFO 21515 --- [restartedMain] o.hibernate.annotations.common.Version   : HCANN000001: Hibernate Commons Annotations {5.1.2.Final}
2021-07-13 02:06:53.643  INFO 21515 --- [restartedMain] org.hibernate.dialect.Dialect            : HHH000400: Using dialect: org.hibernate.dialect.MySQL5InnoDBDialect
2021-07-13 02:06:53.909  INFO 21515 --- [restartedMain] o.h.e.t.j.p.i.JtaPlatformInitiator       : HHH000490: Using JtaPlatform implementation: [org.hibernate.engine.transaction.jta.platform.internal.NoJtaPlatform]
2021-07-13 02:06:53.913  INFO 21515 --- [restartedMain] j.LocalContainerEntityManagerFactoryBean : Initialized JPA EntityManagerFactory for persistence unit 'default'
2021-07-13 02:06:54.248  WARN 21515 --- [restartedMain] JpaBaseConfiguration$JpaWebConfiguration : spring.jpa.open-in-view is enabled by default. Therefore, database queries may be performed during view rendering. Explicitly configure spring.jpa.open-in-view to disable this warning
2021-07-13 02:06:54.323  INFO 21515 --- [restartedMain] pertySourcedRequestMappingHandlerMapping : Mapped URL path [/v2/api-docs] onto method [springfox.documentation.swagger2.web.Swagger2Controller#getDocumentation(String, HttpServletRequest)]
2021-07-13 02:06:54.407  INFO 21515 --- [restartedMain] o.s.b.d.a.OptionalLiveReloadServer       : LiveReload server is running on port 35729
2021-07-13 02:06:54.549  INFO 21515 --- [restartedMain] o.s.b.w.embedded.tomcat.TomcatWebServer  : Tomcat started on port(s): 8081 (http) with context path ''
2021-07-13 02:06:54.549  INFO 21515 --- [restartedMain] d.s.w.p.DocumentationPluginsBootstrapper : Context refreshed
2021-07-13 02:06:54.558  INFO 21515 --- [restartedMain] d.s.w.p.DocumentationPluginsBootstrapper : Found 1 custom documentation plugin(s)
2021-07-13 02:06:54.580  INFO 21515 --- [restartedMain] s.d.s.w.s.ApiListingReferenceScanner     : Scanning for api listing references
2021-07-13 02:06:54.676  INFO 21515 --- [restartedMain] c.e.assignment.AssignmentApplication     : Started AssignmentApplication in 2.799 seconds (JVM running for 3.349)
2021-07-13 02:08:14.311  INFO 21515 --- [SpringApplicationShutdownHook] j.LocalContainerEntityManagerFactoryBean : Closing JPA EntityManagerFactory for persistence unit 'default'
2021-07-13 02:08:14.316  INFO 21515 --- [SpringApplicationShutdownHook] com.zaxxer.hikari.HikariDataSource       : HikariPool-1 - Shutdown initiated...
2021-07-13 02:08:14.322  INFO 21515 --- [SpringApplicationShutdownHook] com.zaxxer.hikari.HikariDataSource       : HikariPool-1 - Shutdown completed.
